<?xml version="1.0" encoding="UTF-8"?>
<testng-results skipped="0" failed="0" ignored="0" total="2" passed="2">
  <reporter-output>
  </reporter-output>
  <suite name="Suite" duration-ms="93216" started-at="2018-11-20T15:22:22Z" finished-at="2018-11-20T15:23:55Z">
    <groups>
    </groups>
    <test name="Test" duration-ms="93216" started-at="2018-11-20T15:22:22Z" finished-at="2018-11-20T15:23:55Z">
      <class name="Testscripts.Testscript1">
        <test-method status="PASS" signature="openbrowers(java.lang.String)[pri:0, instance:Testscripts.Testscript1@3ffc5af1]" name="openbrowers" is-config="true" duration-ms="54861" started-at="2018-11-20T15:22:22Z" finished-at="2018-11-20T15:23:17Z">
          <params>
            <param index="0">
              <value>
                <![CDATA[Chrome]]>
              </value>
            </param>
          </params>
          <reporter-output>
          </reporter-output>
        </test-method> <!-- openbrowers -->
        <test-method status="PASS" signature="teamscamapppage(java.lang.String, java.lang.String)[pri:0, instance:Testscripts.Testscript1@3ffc5af1]" name="teamscamapppage" duration-ms="8978" started-at="2018-11-20T15:23:17Z" finished-at="2018-11-20T15:23:26Z">
          <params>
            <param index="0">
              <value>
                <![CDATA[testuserone]]>
              </value>
            </param>
            <param index="1">
              <value>
                <![CDATA[Test@111]]>
              </value>
            </param>
          </params>
          <reporter-output>
          </reporter-output>
        </test-method> <!-- teamscamapppage -->
        <test-method status="PASS" signature="teamscanapp()[pri:0, instance:Testscripts.Testscript1@3ffc5af1]" name="teamscanapp" duration-ms="29337" started-at="2018-11-20T15:23:26Z" finished-at="2018-11-20T15:23:55Z">
          <reporter-output>
          </reporter-output>
        </test-method> <!-- teamscanapp -->
      </class> <!-- Testscripts.Testscript1 -->
    </test> <!-- Test -->
  </suite> <!-- Suite -->
</testng-results>
